<?xml version="1.0" encoding="UTF-8"?>
<robot generator="Robot 5.0.1 (Python 3.9.1 on darwin)" generated="20220810 01:31:54.157" rpa="false" schemaversion="3">
<suite id="s1" name="Projeto Robot App" source="/Users/pedromenegatti/Desktop/projeto_robot_app">
<suite id="s1-s1" name="Tests" source="/Users/pedromenegatti/Desktop/projeto_robot_app/tests">
<suite id="s1-s1-s1" name="Login" source="/Users/pedromenegatti/Desktop/projeto_robot_app/tests/login.robot">
<kw name="Spawn Appium Server" library="base" type="SETUP">
<kw name="Start Process" library="Process">
<arg>appium</arg>
<arg>-p</arg>
<arg>'4723'</arg>
<arg>shell=true</arg>
<doc>Starts a new process on background.</doc>
<msg timestamp="20220810 01:31:54.949" level="INFO">Starting process:
appium -p '4723'</msg>
<status status="PASS" starttime="20220810 01:31:54.948" endtime="20220810 01:31:55.024"/>
</kw>
<kw name="Sleep" library="BuiltIn">
<arg>5</arg>
<doc>Pauses the test executed for the given time.</doc>
<msg timestamp="20220810 01:32:00.031" level="INFO">Slept 5 seconds</msg>
<status status="PASS" starttime="20220810 01:31:55.027" endtime="20220810 01:32:00.034"/>
</kw>
<status status="PASS" starttime="20220810 01:31:54.943" endtime="20220810 01:32:00.035"/>
</kw>
<test id="s1-s1-s1-t1" name="Deve logar com sucesso" line="10">
<kw name="Open Session" library="base" type="SETUP">
<kw name="Set Appium Timeout" library="AppiumLibrary">
<arg>5</arg>
<doc>Sets the timeout in seconds used by various keywords.</doc>
<status status="PASS" starttime="20220810 01:32:00.044" endtime="20220810 01:32:00.045"/>
</kw>
<kw name="Open Application" library="AppiumLibrary">
<arg>http://localhost:4723/wd/hub</arg>
<arg>automationName=UIAutomator2</arg>
<arg>platformName=Android</arg>
<arg>app=${EXECDIR}${/}app${/}twp.apk</arg>
<doc>Opens a new application to given Appium server.
Capabilities of appium server, Android and iOS,
Please check https://github.com/appium/appium/blob/master/docs/en/writing-running-appium/server-args.md
| *Option*            | *Man.* | *Description*     |
| remote_url          | Yes    | Appium server url |
| alias               | no     | alias             |</doc>
<status status="PASS" starttime="20220810 01:32:00.045" endtime="20220810 01:32:15.090"/>
</kw>
<kw name="Get Started" library="helpers">
<kw name="Wait Until Page Contains" library="AppiumLibrary">
<arg>${START}</arg>
<doc>Waits until `text` appears on current page.</doc>
<status status="PASS" starttime="20220810 01:32:15.091" endtime="20220810 01:32:19.643"/>
</kw>
<kw name="Click Text" library="AppiumLibrary">
<arg>${START}</arg>
<doc>Click text identified by ``text``.</doc>
<status status="PASS" starttime="20220810 01:32:19.644" endtime="20220810 01:32:20.091"/>
</kw>
<status status="PASS" starttime="20220810 01:32:15.090" endtime="20220810 01:32:20.091"/>
</kw>
<status status="PASS" starttime="20220810 01:32:00.044" endtime="20220810 01:32:20.092"/>
</kw>
<kw name="Go To Login Form" library="helpers">
<kw name="Open Nav" library="helpers">
<kw name="Wait Until Element Is Visible" library="AppiumLibrary">
<arg>${HAMBURGER}</arg>
<doc>Waits until element specified with `locator` is visible.</doc>
<status status="PASS" starttime="20220810 01:32:20.094" endtime="20220810 01:32:21.475"/>
</kw>
<kw name="Click Element" library="AppiumLibrary">
<arg>${HAMBURGER}</arg>
<doc>Click element identified by `locator`.</doc>
<msg timestamp="20220810 01:32:21.477" level="INFO">Clicking element 'xpath=//android.widget.ImageButton[@content-desc="Open navigation drawer"]'.</msg>
<status status="PASS" starttime="20220810 01:32:21.475" endtime="20220810 01:32:21.680"/>
</kw>
<kw name="Wait Until Element Is Visible" library="AppiumLibrary">
<arg>${NAV_VIEW}</arg>
<doc>Waits until element specified with `locator` is visible.</doc>
<status status="PASS" starttime="20220810 01:32:21.681" endtime="20220810 01:32:22.742"/>
</kw>
<status status="PASS" starttime="20220810 01:32:20.093" endtime="20220810 01:32:22.743"/>
</kw>
<kw name="Click Text" library="AppiumLibrary">
<arg>FORMS</arg>
<doc>Click text identified by ``text``.</doc>
<status status="PASS" starttime="20220810 01:32:22.743" endtime="20220810 01:32:23.012"/>
</kw>
<kw name="Wait Until Page Contains" library="AppiumLibrary">
<arg>FORMS</arg>
<doc>Waits until `text` appears on current page.</doc>
<status status="PASS" starttime="20220810 01:32:23.012" endtime="20220810 01:32:23.630"/>
</kw>
<kw name="Click Text" library="AppiumLibrary">
<arg>LOGIN</arg>
<doc>Click text identified by ``text``.</doc>
<status status="PASS" starttime="20220810 01:32:23.631" endtime="20220810 01:32:24.104"/>
</kw>
<kw name="Wait Until Page Contains" library="AppiumLibrary">
<arg>Fala QA, vamos testar o login?</arg>
<doc>Waits until `text` appears on current page.</doc>
<status status="PASS" starttime="20220810 01:32:24.104" endtime="20220810 01:32:25.576"/>
</kw>
<status status="PASS" starttime="20220810 01:32:20.093" endtime="20220810 01:32:25.577"/>
</kw>
<kw name="Input Text" library="AppiumLibrary">
<arg>id=io.qaninja.android.twp:id/etEmail</arg>
<arg>eu@papito.io</arg>
<doc>Types the given `text` into text field identified by `locator`.</doc>
<msg timestamp="20220810 01:32:25.580" level="INFO">Typing text 'eu@papito.io' into text field 'id=io.qaninja.android.twp:id/etEmail'</msg>
<status status="PASS" starttime="20220810 01:32:25.577" endtime="20220810 01:32:26.432"/>
</kw>
<kw name="Input Text" library="AppiumLibrary">
<arg>id=io.qaninja.android.twp:id/etPassword</arg>
<arg>qaninja</arg>
<doc>Types the given `text` into text field identified by `locator`.</doc>
<msg timestamp="20220810 01:32:26.435" level="INFO">Typing text 'qaninja' into text field 'id=io.qaninja.android.twp:id/etPassword'</msg>
<status status="PASS" starttime="20220810 01:32:26.433" endtime="20220810 01:32:27.492"/>
</kw>
<kw name="Click Element" library="AppiumLibrary">
<arg>id=io.qaninja.android.twp:id/btnSubmit</arg>
<doc>Click element identified by `locator`.</doc>
<msg timestamp="20220810 01:32:27.498" level="INFO">Clicking element 'id=io.qaninja.android.twp:id/btnSubmit'.</msg>
<status status="PASS" starttime="20220810 01:32:27.494" endtime="20220810 01:32:28.091"/>
</kw>
<kw name="Wait Until Page Contains" library="AppiumLibrary">
<arg>Show! Suas credenciais são validas.</arg>
<doc>Waits until `text` appears on current page.</doc>
<status status="PASS" starttime="20220810 01:32:28.092" endtime="20220810 01:32:28.748"/>
</kw>
<kw name="Close Session" library="base" type="TEARDOWN">
<kw name="Close Application" library="AppiumLibrary">
<doc>Closes the current application and also close webdriver session.</doc>
<status status="PASS" starttime="20220810 01:32:28.750" endtime="20220810 01:32:30.146"/>
</kw>
<status status="PASS" starttime="20220810 01:32:28.749" endtime="20220810 01:32:30.147"/>
</kw>
<status status="PASS" starttime="20220810 01:32:00.036" endtime="20220810 01:32:30.147"/>
</test>
<kw name="Close Appium Server" library="base" type="TEARDOWN">
<kw name="Run Keyword And Ignore Error" library="BuiltIn">
<arg>Close All Applications</arg>
<doc>Runs the given keyword with the given arguments and ignores possible error.</doc>
<kw name="Close All Applications" library="AppiumLibrary">
<doc>Closes all open applications.</doc>
<status status="PASS" starttime="20220810 01:32:30.151" endtime="20220810 01:32:30.154"/>
</kw>
<status status="PASS" starttime="20220810 01:32:30.150" endtime="20220810 01:32:30.155"/>
</kw>
<kw name="Terminate All Processes" library="Process">
<arg>kill=True</arg>
<doc>Terminates all still running processes started by this library.</doc>
<msg timestamp="20220810 01:32:30.156" level="INFO">Forcefully killing process.</msg>
<msg timestamp="20220810 01:32:30.269" level="INFO">Process completed.</msg>
<status status="PASS" starttime="20220810 01:32:30.155" endtime="20220810 01:32:30.279"/>
</kw>
<kw name="Sleep" library="BuiltIn">
<arg>5</arg>
<doc>Pauses the test executed for the given time.</doc>
<msg timestamp="20220810 01:32:35.281" level="INFO">Slept 5 seconds</msg>
<status status="PASS" starttime="20220810 01:32:30.280" endtime="20220810 01:32:35.284"/>
</kw>
<status status="PASS" starttime="20220810 01:32:30.149" endtime="20220810 01:32:35.285"/>
</kw>
<status status="PASS" starttime="20220810 01:31:54.297" endtime="20220810 01:32:35.289"/>
</suite>
<status status="PASS" starttime="20220810 01:31:54.227" endtime="20220810 01:32:35.299"/>
</suite>
<status status="PASS" starttime="20220810 01:31:54.172" endtime="20220810 01:32:35.309"/>
</suite>
<statistics>
<total>
<stat pass="1" fail="0" skip="0">All Tests</stat>
</total>
<tag>
</tag>
<suite>
<stat pass="1" fail="0" skip="0" id="s1" name="Projeto Robot App">Projeto Robot App</stat>
<stat pass="1" fail="0" skip="0" id="s1-s1" name="Tests">Projeto Robot App.Tests</stat>
<stat pass="1" fail="0" skip="0" id="s1-s1-s1" name="Login">Projeto Robot App.Tests.Login</stat>
</suite>
</statistics>
<errors>
</errors>
</robot>
