<?xml version="1.0" encoding="UTF-8"?>
<robot generator="Robot 5.0.1 (Python 3.9.1 on darwin)" generated="20220816 14:07:08.950" rpa="false" schemaversion="3">
<suite id="s1" name="Projeto Robot App" source="/Users/pedromenegatti/Desktop/projeto_robot_app">
<suite id="s1-s1" name="Tests" source="/Users/pedromenegatti/Desktop/projeto_robot_app/tests">
<suite id="s1-s1-s1" name="Radio" source="/Users/pedromenegatti/Desktop/projeto_robot_app/tests/radio.robot">
<kw name="Spawn Appium Server" library="base" type="SETUP">
<kw name="Start Process" library="Process">
<arg>appium</arg>
<arg>-p</arg>
<arg>'4723'</arg>
<arg>shell=true</arg>
<doc>Starts a new process on background.</doc>
<msg timestamp="20220816 14:07:09.786" level="INFO">Starting process:
appium -p '4723'</msg>
<status status="PASS" starttime="20220816 14:07:09.784" endtime="20220816 14:07:09.963"/>
</kw>
<kw name="Sleep" library="BuiltIn">
<arg>5</arg>
<doc>Pauses the test executed for the given time.</doc>
<msg timestamp="20220816 14:07:15.015" level="INFO">Slept 5 seconds</msg>
<status status="PASS" starttime="20220816 14:07:09.987" endtime="20220816 14:07:15.018"/>
</kw>
<status status="PASS" starttime="20220816 14:07:09.783" endtime="20220816 14:07:15.018"/>
</kw>
<test id="s1-s1-s1-t1" name="Deve selecionar a opção Paython" line="10">
<kw name="Open Session" library="base" type="SETUP">
<kw name="Set Appium Timeout" library="AppiumLibrary">
<arg>5</arg>
<doc>Sets the timeout in seconds used by various keywords.</doc>
<status status="PASS" starttime="20220816 14:07:15.026" endtime="20220816 14:07:15.027"/>
</kw>
<kw name="Open Application" library="AppiumLibrary">
<arg>http://localhost:4723/wd/hub</arg>
<arg>automationName=UIAutomator2</arg>
<arg>platformName=Android</arg>
<arg>app=${EXECDIR}${/}app${/}twp.apk</arg>
<doc>Opens a new application to given Appium server.
Capabilities of appium server, Android and iOS,
Please check https://github.com/appium/appium/blob/master/docs/en/writing-running-appium/server-args.md
| *Option*            | *Man.* | *Description*     |
| remote_url          | Yes    | Appium server url |
| alias               | no     | alias             |</doc>
<status status="PASS" starttime="20220816 14:07:15.028" endtime="20220816 14:07:29.289"/>
</kw>
<kw name="Get Started" library="helpers">
<kw name="Wait Until Page Contains" library="AppiumLibrary">
<arg>${START}</arg>
<doc>Waits until `text` appears on current page.</doc>
<status status="PASS" starttime="20220816 14:07:29.290" endtime="20220816 14:07:33.641"/>
</kw>
<kw name="Click Text" library="AppiumLibrary">
<arg>${START}</arg>
<doc>Click text identified by ``text``.</doc>
<status status="PASS" starttime="20220816 14:07:33.641" endtime="20220816 14:07:33.972"/>
</kw>
<status status="PASS" starttime="20220816 14:07:29.289" endtime="20220816 14:07:33.973"/>
</kw>
<status status="PASS" starttime="20220816 14:07:15.025" endtime="20220816 14:07:33.973"/>
</kw>
<kw name="Go To Radion Buttons" library="helpers">
<kw name="Open Nav" library="helpers">
<kw name="Wait Until Element Is Visible" library="AppiumLibrary">
<arg>${HAMBURGER}</arg>
<doc>Waits until element specified with `locator` is visible.</doc>
<status status="PASS" starttime="20220816 14:07:33.976" endtime="20220816 14:07:35.402"/>
</kw>
<kw name="Click Element" library="AppiumLibrary">
<arg>${HAMBURGER}</arg>
<doc>Click element identified by `locator`.</doc>
<msg timestamp="20220816 14:07:35.405" level="INFO">Clicking element 'xpath=//android.widget.ImageButton[@content-desc="Open navigation drawer"]'.</msg>
<status status="PASS" starttime="20220816 14:07:35.403" endtime="20220816 14:07:35.560"/>
</kw>
<kw name="Wait Until Element Is Visible" library="AppiumLibrary">
<arg>${NAV_VIEW}</arg>
<doc>Waits until element specified with `locator` is visible.</doc>
<status status="PASS" starttime="20220816 14:07:35.561" endtime="20220816 14:07:36.738"/>
</kw>
<status status="PASS" starttime="20220816 14:07:33.975" endtime="20220816 14:07:36.739"/>
</kw>
<kw name="Click Text" library="AppiumLibrary">
<arg>INPUTS</arg>
<doc>Click text identified by ``text``.</doc>
<status status="PASS" starttime="20220816 14:07:36.739" endtime="20220816 14:07:36.922"/>
</kw>
<kw name="Wait Until Page Contains" library="AppiumLibrary">
<arg>INPUTS</arg>
<doc>Waits until `text` appears on current page.</doc>
<status status="PASS" starttime="20220816 14:07:36.922" endtime="20220816 14:07:37.671"/>
</kw>
<kw name="Click Text" library="AppiumLibrary">
<arg>BOTÕES DE RADIO</arg>
<doc>Click text identified by ``text``.</doc>
<status status="PASS" starttime="20220816 14:07:37.671" endtime="20220816 14:07:38.056"/>
</kw>
<kw name="Wait Until Page Contains" library="AppiumLibrary">
<arg>Escolha sua linguagem preferida</arg>
<doc>Waits until `text` appears on current page.</doc>
<status status="PASS" starttime="20220816 14:07:38.057" endtime="20220816 14:07:39.471"/>
</kw>
<status status="PASS" starttime="20220816 14:07:33.974" endtime="20220816 14:07:39.471"/>
</kw>
<kw name="Set Variable" library="BuiltIn">
<var>${ELEMENT}</var>
<arg>xpath=//android.widget.RadioButton[contains(@text, 'Python')]</arg>
<doc>Returns the given values which can then be assigned to a variables.</doc>
<msg timestamp="20220816 14:07:39.472" level="INFO">${ELEMENT} = xpath=//android.widget.RadioButton[contains(@text, 'Python')]</msg>
<status status="PASS" starttime="20220816 14:07:39.471" endtime="20220816 14:07:39.481"/>
</kw>
<kw name="Click Element" library="AppiumLibrary">
<arg>${ELEMENT}</arg>
<doc>Click element identified by `locator`.</doc>
<msg timestamp="20220816 14:07:39.484" level="INFO">Clicking element 'xpath=//android.widget.RadioButton[contains(@text, 'Python')]'.</msg>
<status status="PASS" starttime="20220816 14:07:39.482" endtime="20220816 14:07:39.733"/>
</kw>
<kw name="Wait Until Element Is Visible" library="AppiumLibrary">
<arg>${ELEMENT}</arg>
<doc>Waits until element specified with `locator` is visible.</doc>
<status status="PASS" starttime="20220816 14:07:39.734" endtime="20220816 14:07:40.669"/>
</kw>
<kw name="Element Attribute Should Match" library="AppiumLibrary">
<arg>${ELEMENT}</arg>
<arg>checked</arg>
<arg>true</arg>
<doc>Verify that an attribute of an element matches the expected criteria.</doc>
<msg timestamp="20220816 14:07:40.780" level="INFO">Element 'xpath=//android.widget.RadioButton[contains(@text, 'Python')]' attribute 'checked' is 'true' </msg>
<status status="PASS" starttime="20220816 14:07:40.669" endtime="20220816 14:07:40.781"/>
</kw>
<kw name="Close Session" library="base" type="TEARDOWN">
<kw name="Close Application" library="AppiumLibrary">
<doc>Closes the current application and also close webdriver session.</doc>
<status status="PASS" starttime="20220816 14:07:40.783" endtime="20220816 14:07:42.793"/>
</kw>
<status status="PASS" starttime="20220816 14:07:40.782" endtime="20220816 14:07:42.794"/>
</kw>
<status status="PASS" starttime="20220816 14:07:15.019" endtime="20220816 14:07:42.794"/>
</test>
<kw name="Close Appium Server" library="base" type="TEARDOWN">
<kw name="Run Keyword And Ignore Error" library="BuiltIn">
<arg>Close All Applications</arg>
<doc>Runs the given keyword with the given arguments and ignores possible error.</doc>
<kw name="Close All Applications" library="AppiumLibrary">
<doc>Closes all open applications.</doc>
<status status="PASS" starttime="20220816 14:07:42.798" endtime="20220816 14:07:42.801"/>
</kw>
<status status="PASS" starttime="20220816 14:07:42.798" endtime="20220816 14:07:42.801"/>
</kw>
<kw name="Terminate All Processes" library="Process">
<arg>kill=True</arg>
<doc>Terminates all still running processes started by this library.</doc>
<msg timestamp="20220816 14:07:42.802" level="INFO">Forcefully killing process.</msg>
<msg timestamp="20220816 14:07:42.939" level="INFO">Process completed.</msg>
<status status="PASS" starttime="20220816 14:07:42.801" endtime="20220816 14:07:42.949"/>
</kw>
<kw name="Sleep" library="BuiltIn">
<arg>5</arg>
<doc>Pauses the test executed for the given time.</doc>
<msg timestamp="20220816 14:07:47.951" level="INFO">Slept 5 seconds</msg>
<status status="PASS" starttime="20220816 14:07:42.950" endtime="20220816 14:07:47.953"/>
</kw>
<status status="PASS" starttime="20220816 14:07:42.797" endtime="20220816 14:07:47.953"/>
</kw>
<status status="PASS" starttime="20220816 14:07:09.063" endtime="20220816 14:07:47.954"/>
</suite>
<status status="PASS" starttime="20220816 14:07:09.050" endtime="20220816 14:07:47.958"/>
</suite>
<status status="PASS" starttime="20220816 14:07:08.979" endtime="20220816 14:07:47.962"/>
</suite>
<statistics>
<total>
<stat pass="1" fail="0" skip="0">All Tests</stat>
</total>
<tag>
</tag>
<suite>
<stat pass="1" fail="0" skip="0" id="s1" name="Projeto Robot App">Projeto Robot App</stat>
<stat pass="1" fail="0" skip="0" id="s1-s1" name="Tests">Projeto Robot App.Tests</stat>
<stat pass="1" fail="0" skip="0" id="s1-s1-s1" name="Radio">Projeto Robot App.Tests.Radio</stat>
</suite>
</statistics>
<errors>
</errors>
</robot>
